2019.10.07 11:37:23: Added Thomas Anderson Teacher
2019.10.07 11:37:23: Added Han Solo Teacher
2019.10.07 11:37:23: Added Princess Leia Teacher
2019.10.07 11:37:23: Added Severus Snape Teacher
2019.10.07 11:37:23: Added Dolores Umbridge Teacher
2019.10.07 11:37:23: Added Peter Pan Student to class class 1A, profile humane
2019.10.07 11:37:23: Added Anna Shirley Student to class class 1A, profile humane
2019.10.07 11:37:23: Added Harry Potter Student to class class 1A, profile humane
2019.10.07 11:37:23: Added Ron Weasley Student to class class 1A, profile humane
2019.10.07 11:37:23: Added term of subject Math on MONDAY at 10:30, 45 min to subject Math
2019.10.07 11:37:23: Added term of subject Math on THURSDAY at 12:50, 45 min to subject Math
2019.10.07 11:37:23: Added subject Math to class 1A, profile humane
2019.10.07 11:37:23: Added term of subject English on MONDAY at 12:00, 45 min to subject English
2019.10.07 11:37:23: Added term of subject English on TUESDAY at 11:00, 45 min to subject English
2019.10.07 11:37:23: Added term of subject English on WEDNESDAY at 10:30, 45 min to subject English
2019.10.07 11:37:23: Added term of subject English on THURSDAY at 11:00, 45 min to subject English
2019.10.07 11:37:23: Added subject English to class 1A, profile humane
2019.10.07 11:37:23: Added term of subject Computer Science on TUESDAY at 09:00, 45 min to subject Computer Science
2019.10.07 11:37:23: Added subject Computer Science to class 1A, profile humane
2019.10.07 11:37:23: Added term of subject Chemistry on WEDNESDAY at 11:30, 45 min to subject Chemistry
2019.10.07 11:37:23: Added subject Chemistry to class 1A, profile humane
2019.10.07 11:37:23: Added term of subject Potions on FRIDAY at 09:00, 90 min to subject Potions
2019.10.07 11:37:23: Added subject Potions to class 1A, profile humane
2019.10.07 11:37:23: Added term of subject Black Magic Defense on FRIDAY at 12:30, 90 min to subject Black Magic Defense
2019.10.07 11:37:23: Added subject Black Magic Defense to class 1A, profile humane
2019.10.07 11:37:23: Added class 1A, profile humane
2019.10.07 12:27:12: Added Thomas Anderson Teacher
2019.10.07 12:27:12: Added Han Solo Teacher
2019.10.07 12:27:12: Added Princess Leia Teacher
2019.10.07 12:27:12: Added Severus Snape Teacher
2019.10.07 12:27:12: Added Dolores Umbridge Teacher
2019.10.07 12:27:12: Added Peter Pan Student to class class 1A, profile humane
2019.10.07 12:27:12: Added Anna Shirley Student to class class 1A, profile humane
2019.10.07 12:27:12: Added Harry Potter Student to class class 1A, profile humane
2019.10.07 12:27:12: Added Ron Weasley Student to class class 1A, profile humane
2019.10.07 12:27:12: Added term of subject Math on MONDAY at 10:30, 45 min to subject Math
2019.10.07 12:27:12: Added term of subject Math on THURSDAY at 12:50, 45 min to subject Math
2019.10.07 12:27:12: Added subject Math to class 1A, profile humane
2019.10.07 12:27:12: Added term of subject English on MONDAY at 12:00, 45 min to subject English
2019.10.07 12:27:12: Added term of subject English on TUESDAY at 11:00, 45 min to subject English
2019.10.07 12:27:12: Added term of subject English on WEDNESDAY at 10:30, 45 min to subject English
2019.10.07 12:27:12: Added term of subject English on THURSDAY at 11:00, 45 min to subject English
2019.10.07 12:27:12: Added subject English to class 1A, profile humane
2019.10.07 12:27:12: Added term of subject Computer Science on TUESDAY at 09:00, 45 min to subject Computer Science
2019.10.07 12:27:12: Added subject Computer Science to class 1A, profile humane
2019.10.07 12:27:12: Added term of subject Chemistry on WEDNESDAY at 11:30, 45 min to subject Chemistry
2019.10.07 12:27:12: Added subject Chemistry to class 1A, profile humane
2019.10.07 12:27:12: Added term of subject Potions on FRIDAY at 09:00, 90 min to subject Potions
2019.10.07 12:27:12: Added subject Potions to class 1A, profile humane
2019.10.07 12:27:12: Added term of subject Black Magic Defense on FRIDAY at 12:30, 90 min to subject Black Magic Defense
2019.10.07 12:27:12: Added subject Black Magic Defense to class 1A, profile humane
2019.10.07 12:27:12: Added class 1A, profile humane
